0 info it worked if it ends with ok
1 verbose cli [ '/opt/boxen/nodenv/versions/v0.10.23/bin/node',
1 verbose cli   '/opt/boxen/nodenv/versions/v0.10.23/bin/npm',
1 verbose cli   'publish' ]
2 info using npm@1.3.17
3 info using node@v0.10.23
4 verbose publish [ '.' ]
5 verbose cache add [ '.', null ]
6 verbose cache add name=undefined spec="." args=[".",null]
7 verbose parsed url { protocol: null,
7 verbose parsed url   slashes: null,
7 verbose parsed url   auth: null,
7 verbose parsed url   host: null,
7 verbose parsed url   port: null,
7 verbose parsed url   hostname: null,
7 verbose parsed url   hash: null,
7 verbose parsed url   search: null,
7 verbose parsed url   query: null,
7 verbose parsed url   pathname: '.',
7 verbose parsed url   path: '.',
7 verbose parsed url   href: '.' }
8 silly lockFile 3a52ce78- .
9 verbose lock . /Users/orlando/.npm/3a52ce78-.lock
10 verbose tar pack [ '/var/folders/m9/0z_741b929jgf9lp8ddlwk1w0000gn/T/npm-18132-5QKZ7kSx/1388715094460-0.9131233075167984/tmp.tgz',
10 verbose tar pack   '.' ]
11 verbose tarball /var/folders/m9/0z_741b929jgf9lp8ddlwk1w0000gn/T/npm-18132-5QKZ7kSx/1388715094460-0.9131233075167984/tmp.tgz
12 verbose folder .
13 info prepublish node-teambox@0.0.3
14 silly lockFile 1f1177db-tar tar://.
15 verbose lock tar://. /Users/orlando/.npm/1f1177db-tar.lock
16 silly lockFile 404afc0a-94460-0-9131233075167984-tmp-tgz tar:///var/folders/m9/0z_741b929jgf9lp8ddlwk1w0000gn/T/npm-18132-5QKZ7kSx/1388715094460-0.9131233075167984/tmp.tgz
17 verbose lock tar:///var/folders/m9/0z_741b929jgf9lp8ddlwk1w0000gn/T/npm-18132-5QKZ7kSx/1388715094460-0.9131233075167984/tmp.tgz /Users/orlando/.npm/404afc0a-94460-0-9131233075167984-tmp-tgz.lock
18 silly lockFile 1f1177db-tar tar://.
19 silly lockFile 1f1177db-tar tar://.
20 silly lockFile 404afc0a-94460-0-9131233075167984-tmp-tgz tar:///var/folders/m9/0z_741b929jgf9lp8ddlwk1w0000gn/T/npm-18132-5QKZ7kSx/1388715094460-0.9131233075167984/tmp.tgz
21 silly lockFile 404afc0a-94460-0-9131233075167984-tmp-tgz tar:///var/folders/m9/0z_741b929jgf9lp8ddlwk1w0000gn/T/npm-18132-5QKZ7kSx/1388715094460-0.9131233075167984/tmp.tgz
22 verbose tar unpack /var/folders/m9/0z_741b929jgf9lp8ddlwk1w0000gn/T/npm-18132-5QKZ7kSx/1388715094460-0.9131233075167984/tmp.tgz
23 silly lockFile 783ba076-94460-0-9131233075167984-package tar:///var/folders/m9/0z_741b929jgf9lp8ddlwk1w0000gn/T/npm-18132-5QKZ7kSx/1388715094460-0.9131233075167984/package
24 verbose lock tar:///var/folders/m9/0z_741b929jgf9lp8ddlwk1w0000gn/T/npm-18132-5QKZ7kSx/1388715094460-0.9131233075167984/package /Users/orlando/.npm/783ba076-94460-0-9131233075167984-package.lock
25 silly lockFile 404afc0a-94460-0-9131233075167984-tmp-tgz tar:///var/folders/m9/0z_741b929jgf9lp8ddlwk1w0000gn/T/npm-18132-5QKZ7kSx/1388715094460-0.9131233075167984/tmp.tgz
26 verbose lock tar:///var/folders/m9/0z_741b929jgf9lp8ddlwk1w0000gn/T/npm-18132-5QKZ7kSx/1388715094460-0.9131233075167984/tmp.tgz /Users/orlando/.npm/404afc0a-94460-0-9131233075167984-tmp-tgz.lock
27 silly gunzTarPerm modes [ '755', '644' ]
28 silly gunzTarPerm extractEntry package.json
29 silly gunzTarPerm extractEntry README.md
30 silly gunzTarPerm extractEntry gruntfile.js
31 silly gunzTarPerm extractEntry lib/teambox.js
32 silly gunzTarPerm extractEntry lib/teambox/activities.js
33 silly gunzTarPerm extractEntry lib/teambox/base.js
34 silly gunzTarPerm extractEntry lib/teambox/client.js
35 silly gunzTarPerm extractEntry lib/teambox/comment.js
36 silly gunzTarPerm extractEntry lib/teambox/attachments.js
37 silly gunzTarPerm extractEntry lib/teambox/conversation.js
38 silly gunzTarPerm extractEntry lib/teambox/conversations.js
39 silly gunzTarPerm extractEntry lib/teambox/instance.js
40 silly gunzTarPerm extractEntry lib/teambox/project.js
41 silly gunzTarPerm extractEntry lib/teambox/projects.js
42 silly gunzTarPerm extractEntry lib/teambox/attachment.js
43 silly gunzTarPerm extractEntry lib/teambox/task.js
44 silly gunzTarPerm extractEntry lib/teambox/activity.js
45 silly gunzTarPerm extractEntry lib/teambox/tasks.js
46 silly gunzTarPerm extractEntry lib/teambox/comments.js
47 silly gunzTarPerm extractEntry test/conversation-test.js
48 silly gunzTarPerm extractEntry test/conversations-test.js
49 silly gunzTarPerm extractEntry test/project-test.js
50 silly gunzTarPerm extractEntry test/projects-test.js
51 silly gunzTarPerm extractEntry test/task-test.js
52 silly gunzTarPerm extractEntry test/tasks-test.js
53 silly gunzTarPerm extractEntry test/teambox-test.js
54 silly lockFile 783ba076-94460-0-9131233075167984-package tar:///var/folders/m9/0z_741b929jgf9lp8ddlwk1w0000gn/T/npm-18132-5QKZ7kSx/1388715094460-0.9131233075167984/package
55 silly lockFile 783ba076-94460-0-9131233075167984-package tar:///var/folders/m9/0z_741b929jgf9lp8ddlwk1w0000gn/T/npm-18132-5QKZ7kSx/1388715094460-0.9131233075167984/package
56 silly lockFile 404afc0a-94460-0-9131233075167984-tmp-tgz tar:///var/folders/m9/0z_741b929jgf9lp8ddlwk1w0000gn/T/npm-18132-5QKZ7kSx/1388715094460-0.9131233075167984/tmp.tgz
57 silly lockFile 404afc0a-94460-0-9131233075167984-tmp-tgz tar:///var/folders/m9/0z_741b929jgf9lp8ddlwk1w0000gn/T/npm-18132-5QKZ7kSx/1388715094460-0.9131233075167984/tmp.tgz
58 verbose tar pack [ '/Users/orlando/.npm/node-teambox/0.0.3/package.tgz',
58 verbose tar pack   '/var/folders/m9/0z_741b929jgf9lp8ddlwk1w0000gn/T/npm-18132-5QKZ7kSx/1388715094460-0.9131233075167984/package' ]
59 verbose tarball /Users/orlando/.npm/node-teambox/0.0.3/package.tgz
60 verbose folder /var/folders/m9/0z_741b929jgf9lp8ddlwk1w0000gn/T/npm-18132-5QKZ7kSx/1388715094460-0.9131233075167984/package
61 silly lockFile 783ba076-94460-0-9131233075167984-package tar:///var/folders/m9/0z_741b929jgf9lp8ddlwk1w0000gn/T/npm-18132-5QKZ7kSx/1388715094460-0.9131233075167984/package
62 verbose lock tar:///var/folders/m9/0z_741b929jgf9lp8ddlwk1w0000gn/T/npm-18132-5QKZ7kSx/1388715094460-0.9131233075167984/package /Users/orlando/.npm/783ba076-94460-0-9131233075167984-package.lock
63 silly lockFile 295cc33c-m-node-teambox-0-0-3-package-tgz tar:///Users/orlando/.npm/node-teambox/0.0.3/package.tgz
64 verbose lock tar:///Users/orlando/.npm/node-teambox/0.0.3/package.tgz /Users/orlando/.npm/295cc33c-m-node-teambox-0-0-3-package-tgz.lock
65 silly lockFile 783ba076-94460-0-9131233075167984-package tar:///var/folders/m9/0z_741b929jgf9lp8ddlwk1w0000gn/T/npm-18132-5QKZ7kSx/1388715094460-0.9131233075167984/package
66 silly lockFile 783ba076-94460-0-9131233075167984-package tar:///var/folders/m9/0z_741b929jgf9lp8ddlwk1w0000gn/T/npm-18132-5QKZ7kSx/1388715094460-0.9131233075167984/package
67 silly lockFile 295cc33c-m-node-teambox-0-0-3-package-tgz tar:///Users/orlando/.npm/node-teambox/0.0.3/package.tgz
68 silly lockFile 295cc33c-m-node-teambox-0-0-3-package-tgz tar:///Users/orlando/.npm/node-teambox/0.0.3/package.tgz
69 silly lockFile 0e535fed-o-npm-node-teambox-0-0-3-package /Users/orlando/.npm/node-teambox/0.0.3/package
70 verbose lock /Users/orlando/.npm/node-teambox/0.0.3/package /Users/orlando/.npm/0e535fed-o-npm-node-teambox-0-0-3-package.lock
71 silly lockFile 0e535fed-o-npm-node-teambox-0-0-3-package /Users/orlando/.npm/node-teambox/0.0.3/package
72 silly lockFile 0e535fed-o-npm-node-teambox-0-0-3-package /Users/orlando/.npm/node-teambox/0.0.3/package
73 verbose tar unpack /Users/orlando/.npm/node-teambox/0.0.3/package.tgz
74 silly lockFile 5888eb50-o-npm-node-teambox-0-0-3-package tar:///Users/orlando/.npm/node-teambox/0.0.3/package
75 verbose lock tar:///Users/orlando/.npm/node-teambox/0.0.3/package /Users/orlando/.npm/5888eb50-o-npm-node-teambox-0-0-3-package.lock
76 silly lockFile 295cc33c-m-node-teambox-0-0-3-package-tgz tar:///Users/orlando/.npm/node-teambox/0.0.3/package.tgz
77 verbose lock tar:///Users/orlando/.npm/node-teambox/0.0.3/package.tgz /Users/orlando/.npm/295cc33c-m-node-teambox-0-0-3-package-tgz.lock
78 silly gunzTarPerm modes [ '755', '644' ]
79 silly gunzTarPerm extractEntry package.json
80 silly gunzTarPerm extractEntry README.md
81 silly gunzTarPerm extractEntry gruntfile.js
82 silly gunzTarPerm extractEntry lib/teambox.js
83 silly gunzTarPerm extractEntry lib/teambox/activities.js
84 silly gunzTarPerm extractEntry lib/teambox/base.js
85 silly gunzTarPerm extractEntry lib/teambox/client.js
86 silly gunzTarPerm extractEntry lib/teambox/comment.js
87 silly gunzTarPerm extractEntry lib/teambox/attachments.js
88 silly gunzTarPerm extractEntry lib/teambox/conversation.js
89 silly gunzTarPerm extractEntry lib/teambox/conversations.js
90 silly gunzTarPerm extractEntry lib/teambox/instance.js
91 silly gunzTarPerm extractEntry lib/teambox/project.js
92 silly gunzTarPerm extractEntry lib/teambox/projects.js
93 silly gunzTarPerm extractEntry lib/teambox/attachment.js
94 silly gunzTarPerm extractEntry lib/teambox/task.js
95 silly gunzTarPerm extractEntry lib/teambox/activity.js
96 silly gunzTarPerm extractEntry lib/teambox/tasks.js
97 silly gunzTarPerm extractEntry lib/teambox/comments.js
98 silly gunzTarPerm extractEntry test/conversation-test.js
99 silly gunzTarPerm extractEntry test/conversations-test.js
100 silly gunzTarPerm extractEntry test/project-test.js
101 silly gunzTarPerm extractEntry test/projects-test.js
102 silly gunzTarPerm extractEntry test/task-test.js
103 silly gunzTarPerm extractEntry test/tasks-test.js
104 silly gunzTarPerm extractEntry test/teambox-test.js
105 silly lockFile 5888eb50-o-npm-node-teambox-0-0-3-package tar:///Users/orlando/.npm/node-teambox/0.0.3/package
106 silly lockFile 5888eb50-o-npm-node-teambox-0-0-3-package tar:///Users/orlando/.npm/node-teambox/0.0.3/package
107 silly lockFile 295cc33c-m-node-teambox-0-0-3-package-tgz tar:///Users/orlando/.npm/node-teambox/0.0.3/package.tgz
108 silly lockFile 295cc33c-m-node-teambox-0-0-3-package-tgz tar:///Users/orlando/.npm/node-teambox/0.0.3/package.tgz
109 verbose chmod /Users/orlando/.npm/node-teambox/0.0.3/package.tgz 644
110 verbose chown /Users/orlando/.npm/node-teambox/0.0.3/package.tgz [ 501, 20 ]
111 silly lockFile 3a52ce78- .
112 silly lockFile 3a52ce78- .
113 silly publish { name: 'node-teambox',
113 silly publish   version: '0.0.3',
113 silly publish   description: 'Teambox API node module',
113 silly publish   main: 'lib/teambox.js',
113 silly publish   directories: { test: 'test' },
113 silly publish   scripts: { test: 'grunt mocha' },
113 silly publish   repository:
113 silly publish    { type: 'git',
113 silly publish      url: 'git@bitbucket.org:_orlando/node-teambox.git' },
113 silly publish   keywords: [ 'node', 'teambox', 'teambox', 'api' ],
113 silly publish   author: { name: 'Orlando Del Aguila' },
113 silly publish   license: 'BSD-2-Clause',
113 silly publish   bugs: { url: 'https://github.com/orlando/node-teambox/issues' },
113 silly publish   homepage: 'https://github.com/orlando/node-teambox',
113 silly publish   devDependencies:
113 silly publish    { grunt: '~0.4.2',
113 silly publish      'grunt-contrib-jshint': '~0.8.0',
113 silly publish      'grunt-contrib-watch': '~0.5.3',
113 silly publish      'grunt-mocha-test': '~0.8.1',
113 silly publish      sinon: '~1.7.3',
113 silly publish      chai: '~1.8.1',
113 silly publish      'sinon-chai': '~2.4.0',
113 silly publish      nock: '~0.27.1' },
113 silly publish   private: true,
113 silly publish   readme: '# node-teambox\n\nA node.js wrapper for the [Teambox](http://www.teambox.com) API.\n\n# Installation\n\n`npm install node-teambox`\n\n# Usage\n\n```\nvar Teambox, client;\nTeambox = require(\'teambox\');\nclient = Teambox.createClient({\n  username: "foo",\n  password: "bar"\n});\n\nclient.Projects.all(function (err, projects) {\n    //\n    // List all projects for this Teambox account.\n    //\n});\n```\n# Implemented endpoints\n\n## Activities\n\n| Resource | Description |\n|:---------|:------------|\n|GET /api/2/activities |List activities|\n\n## Attachments\n\n| Resource | Description |\n|:---------|:------------|\n|GET /api/2/activities |List attachments|\n\n## Projects\n\n| Resource | Description |\n|:---------|:------------|\n|GET /api/2/projects |List projects|\n|GET /api/2/projects/:id |Project detail|\n|GET /api/2/projects/:id/tasks |Project\'s tasks list|\n|GET /api/2/projects/:id/activities |Project\'s activities list|\n|GET /api/2/projects/:id/conversations |Project\'s conversations list|\n|GET /api/2/projects/:id/attachments |Project\'s attachments list|\n|GET /api/2/projects/:id/comments |Project\'s comments list|\n|POST /api/2/projects |Create a new project|\n|PUT /api/2/projects/:id |Updates a project|\n|DELETE /api/2/projects/:id |Deletes a project|\n|POST /api/2/projects/:id/comments |Create a new comment a project|\n\n## Tasks\n\n| Resource | Description |\n|:---------|:------------|\n|GET /api/2/tasks |List tasks|\n|GET /api/2/tasks/:id |Task detail|\n|POST /api/2/tasks |Create a new task|\n|PUT /api/2/tasks/:id |Updates a task|\n|DELETE /api/2/tasks/:id |Deletes a tasks|\n|GET /api/2/tasks/:id/comments |Task\'s comments list|\n|POST /api/2/tasks/:id/comments |Create a new comment a task|\n\n## Conversations\n\n| Resource | Description |\n|:---------|:------------|\n|GET /api/2/conversations |List conversations|\n|GET /api/2/conversations/:id |Conversation detail|\n|POST /api/2/conversations |Create a new conversation|\n|PUT /api/2/conversations/:id |Updates a conversation|\n|DELETE /api/2/conversations/:id |Deletes a conversation|\n|GET /api/2/conversations/:id/comments |Conversation\'s comments list|\n|POST /api/2/conversations/:id/comments |Create a new comment a conversation|\n\n## Comments\n\n| Resource | Description |\n|:---------|:------------|\n|GET /api/2/comments |List comments|\n|GET /api/2/comments/:id |Comment detail|\n|POST /api/2/comments |Create a new comment|\n|PUT /api/2/comments/:id |Updates a comment|\n|DELETE /api/2/comments/:id |Deletes a comment|\n\n# Development\n\nThis library uses grunt for development. You can run tests with `grunt test`\n\n# Contributing\n\n1. Create an issue/ Pick and issue.\n2. Fork the repo.\n3. Create a branch.\n4. Fix the issue.\n5. Create a pull request.\n',
113 silly publish   readmeFilename: 'README.md',
113 silly publish   _id: 'node-teambox@0.0.3',
113 silly publish   dist: { shasum: '3e53e857912deee5afbe9846697e94b7c0d13d5f' },
113 silly publish   _from: '.' }
114 error Error: This package has been marked as private
114 error Remove the 'private' field from the package.json to publish it.
114 error     at publish_ (/opt/boxen/nodenv/versions/v0.10.23/lib/node_modules/npm/lib/publish.js:90:31)
114 error     at Array.1 (/opt/boxen/nodenv/versions/v0.10.23/lib/node_modules/npm/node_modules/slide/lib/bind-actor.js:15:8)
114 error     at LOOP (/opt/boxen/nodenv/versions/v0.10.23/lib/node_modules/npm/node_modules/slide/lib/chain.js:15:14)
114 error     at LOOP (/opt/boxen/nodenv/versions/v0.10.23/lib/node_modules/npm/node_modules/slide/lib/chain.js:14:28)
114 error     at chain (/opt/boxen/nodenv/versions/v0.10.23/lib/node_modules/npm/node_modules/slide/lib/chain.js:20:5)
114 error     at /opt/boxen/nodenv/versions/v0.10.23/lib/node_modules/npm/lib/publish.js:59:5
114 error     at /opt/boxen/nodenv/versions/v0.10.23/lib/node_modules/npm/lib/cache.js:821:14
114 error     at /opt/boxen/nodenv/versions/v0.10.23/lib/node_modules/npm/node_modules/lockfile/lockfile.js:61:41
114 error     at Object.oncomplete (fs.js:107:15)
115 error If you need help, you may report this *entire* log,
115 error including the npm and node versions, at:
115 error     <http://github.com/isaacs/npm/issues>
116 error System Darwin 13.0.0
117 error command "/opt/boxen/nodenv/versions/v0.10.23/bin/node" "/opt/boxen/nodenv/versions/v0.10.23/bin/npm" "publish"
118 error cwd /Users/orlando/www/hashlabs/node-teambox
119 error node -v v0.10.23
120 error npm -v 1.3.17
121 verbose exit [ 1, true ]
